<?xml version="1.0" encoding="UTF-8"?>
<!-- Generated by org.testng.reporters.JUnitReportReporter -->
<testsuite hostname="LAPTOP-FHQ9COSM" failures="0" tests="1" name="com.qa.testcases.HomepageTest" time="7.423" errors="0" timestamp="12 Sep 2021 07:30:44 GMT" skipped="0">
  <testcase classname="com.qa.testcases.HomepageTest" name="validatelogo" time="7.423"/>
</testsuite> <!-- com.qa.testcases.HomepageTest -->
